This file contains any messages produced by compilers while
running configure, to aid debugging if configure makes a mistake.

It was created by configure, which was
generated by GNU Autoconf 2.59.  Invocation command line was

  $ ./configure 

## --------- ##
## Platform. ##
## --------- ##

hostname = DESTINO
uname -m = i686
uname -r = 1.0.17(0.48/3/2)
uname -s = MINGW32_NT-6.2
uname -v = 2011-04-24 23:39

/usr/bin/uname -p = unknown
/bin/uname -X     = unknown

/bin/arch              = unknown
/usr/bin/arch -k       = unknown
/usr/convex/getsysinfo = unknown
hostinfo               = unknown
/bin/machine           = unknown
/usr/bin/oslevel       = unknown
/bin/universe          = unknown

PATH: .
PATH: /usr/local/bin
PATH: /mingw/bin
PATH: /bin
PATH: /c/Program Files/CollabNet/Subversion Client
PATH: /c/Users/Jairo/Documents/AMD APP/bin/x86_64
PATH: /c/Users/Jairo/Documents/AMD APP/bin/x86
PATH: /c/Program Files/Common Files/Microsoft Shared/Windows Live
PATH: /c/Program Files (x86)/Common Files/Microsoft Shared/Windows Live
PATH: /c/Program Files (x86)/AMD APP/bin/x86_64
PATH: /c/Program Files (x86)/AMD APP/bin/x86
PATH: /c/Windows/system32
PATH: /c/Windows
PATH: /c/Windows/System32/Wbem
PATH: /c/Windows/System32/WindowsPowerShell/v1.0/
PATH: /c/Program Files (x86)/ATI Technologies/ATI.ACE/Core-Static
PATH: /c/Program Files (x86)/Windows Live/Shared
PATH: /c/Program Files (x86)/Microsoft ASP.NET/ASP.NET Web Pages/v1.0/
PATH: /c/Program Files/Common Files/Autodesk Shared/
PATH: /c/Program Files (x86)/MiKTeX 2.9/miktex/bin/
PATH: /c/D/dmd2/windows/bin
PATH: /c/D/dm/bin
PATH: /c/Aldec/Active-HDL 9.1/bin
PATH: /c/Aldec/Active-HDL Student Edition/bin
PATH: /c/Program Files (x86)/CMake 2.8/bin
PATH: /c/Program Files (x86)/Graphviz 2.28/bin
PATH: /c/Program Files/MATLAB/R2011a/runtime/win64
PATH: /c/Program Files/MATLAB/R2011a/bin
PATH: /c/Program Files/Microsoft SQL Server/110/Tools/Binn/
PATH: /c/Program Files/Microsoft/Web Platform Installer/
PATH: /c/Program Files (x86)/Google/Google Apps Migration/
PATH: /c/WINDOWS/system32
PATH: /c/WINDOWS
PATH: /c/WINDOWS/System32/Wbem
PATH: /c/WINDOWS/System32/WindowsPowerShell/v1.0/


## ----------- ##
## Core tests. ##
## ----------- ##

configure:1347: checking for a BSD-compatible install
configure:1402: result: /bin/install -c
configure:1413: checking whether build environment is sane
configure:1456: result: yes
configure:1521: checking for gawk
configure:1537: found /bin/gawk
configure:1547: result: gawk
configure:1557: checking whether make sets $(MAKE)
configure:1577: result: yes
configure:1792: checking for gcc
configure:1808: found /mingw/bin/gcc
configure:1818: result: gcc
configure:2062: checking for C compiler version
configure:2065: gcc --version </dev/null >&5
gcc.exe (GCC) 4.6.2
Copyright (C) 2011 Free Software Foundation, Inc.
This is free software; see the source for copying conditions.  There is NO
warranty; not even for MERCHANTABILITY or FITNESS FOR A PARTICULAR PURPOSE.

configure:2068: $? = 0
configure:2070: gcc -v </dev/null >&5
Using built-in specs.
COLLECT_GCC=C:\MinGW\bin\gcc.exe
COLLECT_LTO_WRAPPER=c:/mingw/bin/../libexec/gcc/mingw32/4.6.2/lto-wrapper.exe
Target: mingw32
Configured with: ../gcc-4.6.2/configure --enable-languages=c,c++,ada,fortran,objc,obj-c++ --disable-sjlj-exceptions --with-dwarf2 --enable-shared --enable-libgomp --disable-win32-registry --enable-libstdcxx-debug --enable-version-specific-runtime-libs --build=mingw32 --prefix=/mingw
Thread model: win32
gcc version 4.6.2 (GCC) 
configure:2073: $? = 0
configure:2075: gcc -V </dev/null >&5
gcc.exe: error: unrecognized option '-V'
gcc.exe: fatal error: no input files
compilation terminated.
configure:2078: $? = 1
configure:2101: checking for C compiler default output file name
configure:2104: gcc    conftest.c  >&5
configure:2107: $? = 0
configure:2153: result: a.exe
configure:2158: checking whether the C compiler works
configure:2164: ./a.exe
configure:2167: $? = 0
configure:2184: result: yes
configure:2191: checking whether we are cross compiling
configure:2193: result: no
configure:2196: checking for suffix of executables
configure:2198: gcc -o conftest.exe    conftest.c  >&5
configure:2201: $? = 0
configure:2226: result: .exe
configure:2232: checking for suffix of object files
configure:2253: gcc -c   conftest.c >&5
configure:2256: $? = 0
configure:2278: result: o
configure:2282: checking whether we are using the GNU C compiler
configure:2306: gcc -c   conftest.c >&5
configure:2312: $? = 0
configure:2316: test -z 
			 || test ! -s conftest.err
configure:2319: $? = 0
configure:2322: test -s conftest.o
configure:2325: $? = 0
configure:2338: result: yes
configure:2344: checking whether gcc accepts -g
configure:2365: gcc -c -g  conftest.c >&5
configure:2371: $? = 0
configure:2375: test -z 
			 || test ! -s conftest.err
configure:2378: $? = 0
configure:2381: test -s conftest.o
configure:2384: $? = 0
configure:2395: result: yes
configure:2412: checking for gcc option to accept ANSI C
configure:2482: gcc  -c -g -O2  conftest.c >&5
configure:2488: $? = 0
configure:2492: test -z 
			 || test ! -s conftest.err
configure:2495: $? = 0
configure:2498: test -s conftest.o
configure:2501: $? = 0
configure:2519: result: none needed
configure:2537: gcc -c -g -O2  conftest.c >&5
conftest.c:2:3: error: unknown type name 'choke'
conftest.c:2:3: error: expected '=', ',', ';', 'asm' or '__attribute__' at end of input
configure:2543: $? = 1
configure: failed program was:
| #ifndef __cplusplus
|   choke me
| #endif
configure:2687: checking for style of include used by make
configure:2715: result: GNU
configure:2743: checking dependency style of gcc
configure:2833: result: gcc3
configure:2909: checking for g++
configure:2925: found /mingw/bin/g++
configure:2935: result: g++
configure:2951: checking for C++ compiler version
configure:2954: g++ --version </dev/null >&5
g++.exe (GCC) 4.6.2
Copyright (C) 2011 Free Software Foundation, Inc.
This is free software; see the source for copying conditions.  There is NO
warranty; not even for MERCHANTABILITY or FITNESS FOR A PARTICULAR PURPOSE.

configure:2957: $? = 0
configure:2959: g++ -v </dev/null >&5
Using built-in specs.
COLLECT_GCC=C:\MinGW\bin\g++.exe
COLLECT_LTO_WRAPPER=c:/mingw/bin/../libexec/gcc/mingw32/4.6.2/lto-wrapper.exe
Target: mingw32
Configured with: ../gcc-4.6.2/configure --enable-languages=c,c++,ada,fortran,objc,obj-c++ --disable-sjlj-exceptions --with-dwarf2 --enable-shared --enable-libgomp --disable-win32-registry --enable-libstdcxx-debug --enable-version-specific-runtime-libs --build=mingw32 --prefix=/mingw
Thread model: win32
gcc version 4.6.2 (GCC) 
configure:2962: $? = 0
configure:2964: g++ -V </dev/null >&5
g++.exe: error: unrecognized option '-V'
g++.exe: fatal error: no input files
compilation terminated.
configure:2967: $? = 1
configure:2970: checking whether we are using the GNU C++ compiler
configure:2994: g++ -c   conftest.cc >&5
configure:3000: $? = 0
configure:3004: test -z 
			 || test ! -s conftest.err
configure:3007: $? = 0
configure:3010: test -s conftest.o
configure:3013: $? = 0
configure:3026: result: yes
configure:3032: checking whether g++ accepts -g
configure:3053: g++ -c -g  conftest.cc >&5
configure:3059: $? = 0
configure:3063: test -z 
			 || test ! -s conftest.err
configure:3066: $? = 0
configure:3069: test -s conftest.o
configure:3072: $? = 0
configure:3083: result: yes
configure:3125: g++ -c -g -O2  conftest.cc >&5
configure:3131: $? = 0
configure:3135: test -z 
			 || test ! -s conftest.err
configure:3138: $? = 0
configure:3141: test -s conftest.o
configure:3144: $? = 0
configure:3170: g++ -c -g -O2  conftest.cc >&5
conftest.cc: In function 'int main()':
conftest.cc:15:9: error: 'exit' was not declared in this scope
configure:3176: $? = 1
configure: failed program was:
| /* confdefs.h.  */
| 
| #define PACKAGE_NAME ""
| #define PACKAGE_TARNAME ""
| #define PACKAGE_VERSION ""
| #define PACKAGE_STRING ""
| #define PACKAGE_BUGREPORT ""
| #define PACKAGE "cec"
| #define VERSION "0.4"
| /* end confdefs.h.  */
| 
| int
| main ()
| {
| exit (42);
|   ;
|   return 0;
| }
configure:3125: g++ -c -g -O2  conftest.cc >&5
conftest.cc:11:40: error: 'void std::exit(int)' should have been declared inside 'std'
In file included from conftest.cc:12:0:
c:\mingw\bin\../lib/gcc/mingw32/4.6.2/../../../../include/stdlib.h:360:49: error: declaration of 'void std::exit(int)' has a different exception specifier
conftest.cc:11:17: error: from previous declaration 'void std::exit(int) throw ()'
configure:3131: $? = 1
configure: failed program was:
| /* confdefs.h.  */
| 
| #define PACKAGE_NAME ""
| #define PACKAGE_TARNAME ""
| #define PACKAGE_VERSION ""
| #define PACKAGE_STRING ""
| #define PACKAGE_BUGREPORT ""
| #define PACKAGE "cec"
| #define VERSION "0.4"
| /* end confdefs.h.  */
| extern "C" void std::exit (int) throw (); using std::exit;
| #include <stdlib.h>
| int
| main ()
| {
| exit (42);
|   ;
|   return 0;
| }
configure:3125: g++ -c -g -O2  conftest.cc >&5
conftest.cc:11:31: error: 'void std::exit(int)' should have been declared inside 'std'
configure:3131: $? = 1
configure: failed program was:
| /* confdefs.h.  */
| 
| #define PACKAGE_NAME ""
| #define PACKAGE_TARNAME ""
| #define PACKAGE_VERSION ""
| #define PACKAGE_STRING ""
| #define PACKAGE_BUGREPORT ""
| #define PACKAGE "cec"
| #define VERSION "0.4"
| /* end confdefs.h.  */
| extern "C" void std::exit (int); using std::exit;
| #include <stdlib.h>
| int
| main ()
| {
| exit (42);
|   ;
|   return 0;
| }
configure:3125: g++ -c -g -O2  conftest.cc >&5
In file included from conftest.cc:12:0:
c:\mingw\bin\../lib/gcc/mingw32/4.6.2/../../../../include/stdlib.h:360:49: error: declaration of 'void exit(int)' has a different exception specifier
conftest.cc:11:17: error: from previous declaration 'void exit(int) throw ()'
configure:3131: $? = 1
configure: failed program was:
| /* confdefs.h.  */
| 
| #define PACKAGE_NAME ""
| #define PACKAGE_TARNAME ""
| #define PACKAGE_VERSION ""
| #define PACKAGE_STRING ""
| #define PACKAGE_BUGREPORT ""
| #define PACKAGE "cec"
| #define VERSION "0.4"
| /* end confdefs.h.  */
| extern "C" void exit (int) throw ();
| #include <stdlib.h>
| int
| main ()
| {
| exit (42);
|   ;
|   return 0;
| }
configure:3125: g++ -c -g -O2  conftest.cc >&5
configure:3131: $? = 0
configure:3135: test -z 
			 || test ! -s conftest.err
configure:3138: $? = 0
configure:3141: test -s conftest.o
configure:3144: $? = 0
configure:3170: g++ -c -g -O2  conftest.cc >&5
configure:3176: $? = 0
configure:3180: test -z 
			 || test ! -s conftest.err
configure:3183: $? = 0
configure:3186: test -s conftest.o
configure:3189: $? = 0
configure:3214: checking dependency style of g++
configure:3304: result: gcc3
configure:3368: checking for ranlib
configure:3384: found /mingw/bin/ranlib
configure:3395: result: ranlib
configure:3408: checking for C++ standard library headers
configure:3432: g++ -c -g -O2  conftest.cc >&5
configure:3438: $? = 0
configure:3442: test -z 
			 || test ! -s conftest.err
configure:3445: $? = 0
configure:3448: test -s conftest.o
configure:3451: $? = 0
configure:3453: result: yes
configure:3471: checking how to run the C++ preprocessor
configure:3502: g++ -E  conftest.cc
configure:3508: $? = 0
configure:3540: g++ -E  conftest.cc
conftest.cc:14:28: fatal error: ac_nonexistent.h: No such file or directory
compilation terminated.
configure:3546: $? = 1
configure: failed program was:
| /* confdefs.h.  */
| 
| #define PACKAGE_NAME ""
| #define PACKAGE_TARNAME ""
| #define PACKAGE_VERSION ""
| #define PACKAGE_STRING ""
| #define PACKAGE_BUGREPORT ""
| #define PACKAGE "cec"
| #define VERSION "0.4"
| #ifdef __cplusplus
| extern "C" void exit (int);
| #endif
| /* end confdefs.h.  */
| #include <ac_nonexistent.h>
configure:3585: result: g++ -E
configure:3609: g++ -E  conftest.cc
configure:3615: $? = 0
configure:3647: g++ -E  conftest.cc
conftest.cc:14:28: fatal error: ac_nonexistent.h: No such file or directory
compilation terminated.
configure:3653: $? = 1
configure: failed program was:
| /* confdefs.h.  */
| 
| #define PACKAGE_NAME ""
| #define PACKAGE_TARNAME ""
| #define PACKAGE_VERSION ""
| #define PACKAGE_STRING ""
| #define PACKAGE_BUGREPORT ""
| #define PACKAGE "cec"
| #define VERSION "0.4"
| #ifdef __cplusplus
| extern "C" void exit (int);
| #endif
| /* end confdefs.h.  */
| #include <ac_nonexistent.h>
configure:3697: checking for egrep
configure:3707: result: grep -E
configure:3712: checking for ANSI C header files
configure:3737: g++ -c -g -O2  conftest.cc >&5
configure:3743: $? = 0
configure:3747: test -z 
			 || test ! -s conftest.err
configure:3750: $? = 0
configure:3753: test -s conftest.o
configure:3756: $? = 0
configure:3845: g++ -o conftest.exe -g -O2   conftest.cc  >&5
configure:3848: $? = 0
configure:3850: ./conftest.exe
configure:3853: $? = 0
configure:3868: result: yes
configure:3892: checking for sys/types.h
configure:3908: g++ -c -g -O2  conftest.cc >&5
configure:3914: $? = 0
configure:3918: test -z 
			 || test ! -s conftest.err
configure:3921: $? = 0
configure:3924: test -s conftest.o
configure:3927: $? = 0
configure:3938: result: yes
configure:3892: checking for sys/stat.h
configure:3908: g++ -c -g -O2  conftest.cc >&5
configure:3914: $? = 0
configure:3918: test -z 
			 || test ! -s conftest.err
configure:3921: $? = 0
configure:3924: test -s conftest.o
configure:3927: $? = 0
configure:3938: result: yes
configure:3892: checking for stdlib.h
configure:3908: g++ -c -g -O2  conftest.cc >&5
configure:3914: $? = 0
configure:3918: test -z 
			 || test ! -s conftest.err
configure:3921: $? = 0
configure:3924: test -s conftest.o
configure:3927: $? = 0
configure:3938: result: yes
configure:3892: checking for string.h
configure:3908: g++ -c -g -O2  conftest.cc >&5
configure:3914: $? = 0
configure:3918: test -z 
			 || test ! -s conftest.err
configure:3921: $? = 0
configure:3924: test -s conftest.o
configure:3927: $? = 0
configure:3938: result: yes
configure:3892: checking for memory.h
configure:3908: g++ -c -g -O2  conftest.cc >&5
configure:3914: $? = 0
configure:3918: test -z 
			 || test ! -s conftest.err
configure:3921: $? = 0
configure:3924: test -s conftest.o
configure:3927: $? = 0
configure:3938: result: yes
configure:3892: checking for strings.h
configure:3908: g++ -c -g -O2  conftest.cc >&5
configure:3914: $? = 0
configure:3918: test -z 
			 || test ! -s conftest.err
configure:3921: $? = 0
configure:3924: test -s conftest.o
configure:3927: $? = 0
configure:3938: result: yes
configure:3892: checking for inttypes.h
configure:3908: g++ -c -g -O2  conftest.cc >&5
configure:3914: $? = 0
configure:3918: test -z 
			 || test ! -s conftest.err
configure:3921: $? = 0
configure:3924: test -s conftest.o
configure:3927: $? = 0
configure:3938: result: yes
configure:3892: checking for stdint.h
configure:3908: g++ -c -g -O2  conftest.cc >&5
configure:3914: $? = 0
configure:3918: test -z 
			 || test ! -s conftest.err
configure:3921: $? = 0
configure:3924: test -s conftest.o
configure:3927: $? = 0
configure:3938: result: yes
configure:3892: checking for unistd.h
configure:3908: g++ -c -g -O2  conftest.cc >&5
configure:3914: $? = 0
configure:3918: test -z 
			 || test ! -s conftest.err
configure:3921: $? = 0
configure:3924: test -s conftest.o
configure:3927: $? = 0
configure:3938: result: yes
configure:3960: checking expat.h usability
configure:3972: g++ -c -g -O2  conftest.cc >&5
configure:3978: $? = 0
configure:3982: test -z 
			 || test ! -s conftest.err
configure:3985: $? = 0
configure:3988: test -s conftest.o
configure:3991: $? = 0
configure:4001: result: yes
configure:4005: checking expat.h presence
configure:4015: g++ -E  conftest.cc
configure:4021: $? = 0
configure:4041: result: yes
configure:4076: checking for expat.h
configure:4083: result: yes
configure:4098: checking for XML_ParserCreate in -lexpat
configure:4128: g++ -o conftest.exe -g -O2   conftest.cc -lexpat   >&5
configure:4134: $? = 0
configure:4138: test -z 
			 || test ! -s conftest.err
configure:4141: $? = 0
configure:4144: test -s conftest.exe
configure:4147: $? = 0
configure:4160: result: yes
configure:4181: checking for notangle
configure:4214: result: no
configure:4220: checking for noweave
configure:4253: result: no
configure:4263: checking for ANTLR
configure:4287: result: no
configure:4442: creating ./config.status

## ---------------------- ##
## Running config.status. ##
## ---------------------- ##

This file was extended by config.status, which was
generated by GNU Autoconf 2.59.  Invocation command line was

  CONFIG_FILES    = 
  CONFIG_HEADERS  = 
  CONFIG_LINKS    = 
  CONFIG_COMMANDS = 
  $ ./config.status 

on DESTINO

config.status:696: creating Makefile
config.status:696: creating src/Makefile
config.status:696: creating tests/Makefile
config.status:696: creating libantlr/Makefile
config.status:696: creating src/cec
config.status:883: executing depfiles commands

## ---------------- ##
## Cache variables. ##
## ---------------- ##

ac_cv_c_compiler_gnu=yes
ac_cv_cxx_compiler_gnu=yes
ac_cv_env_CC_set=
ac_cv_env_CC_value=
ac_cv_env_CFLAGS_set=
ac_cv_env_CFLAGS_value=
ac_cv_env_CPPFLAGS_set=
ac_cv_env_CPPFLAGS_value=
ac_cv_env_CXXCPP_set=
ac_cv_env_CXXCPP_value=
ac_cv_env_CXXFLAGS_set=
ac_cv_env_CXXFLAGS_value=
ac_cv_env_CXX_set=
ac_cv_env_CXX_value=
ac_cv_env_LDFLAGS_set=
ac_cv_env_LDFLAGS_value=
ac_cv_env_build_alias_set=
ac_cv_env_build_alias_value=
ac_cv_env_host_alias_set=
ac_cv_env_host_alias_value=
ac_cv_env_target_alias_set=
ac_cv_env_target_alias_value=
ac_cv_exeext=.exe
ac_cv_found_antlr=no
ac_cv_header_expat_h=yes
ac_cv_header_inttypes_h=yes
ac_cv_header_memory_h=yes
ac_cv_header_stdc=yes
ac_cv_header_stdint_h=yes
ac_cv_header_stdlib_h=yes
ac_cv_header_string_h=yes
ac_cv_header_strings_h=yes
ac_cv_header_sys_stat_h=yes
ac_cv_header_sys_types_h=yes
ac_cv_header_unistd_h=yes
ac_cv_lib_expat_XML_ParserCreate=yes
ac_cv_objext=o
ac_cv_path_install='/bin/install -c'
ac_cv_prog_AWK=gawk
ac_cv_prog_CXXCPP='g++ -E'
ac_cv_prog_ac_ct_CC=gcc
ac_cv_prog_ac_ct_CXX=g++
ac_cv_prog_ac_ct_RANLIB=ranlib
ac_cv_prog_cc_g=yes
ac_cv_prog_cc_stdc=
ac_cv_prog_cxx_g=yes
ac_cv_prog_egrep='grep -E'
ac_cv_prog_make_make_set=yes
am_cv_CC_dependencies_compiler_type=gcc3
am_cv_CXX_dependencies_compiler_type=gcc3

## ----------------- ##
## Output variables. ##
## ----------------- ##

ACLOCAL='${SHELL} /c/Users/Jairo/Downloads/cec-0.4.tar/cec-0.4/missing --run aclocal-1.9'
AMDEPBACKSLASH='\'
AMDEP_FALSE='#'
AMDEP_TRUE=''
AMTAR='${SHELL} /c/Users/Jairo/Downloads/cec-0.4.tar/cec-0.4/missing --run tar'
ANTLR=''
AUTOCONF='${SHELL} /c/Users/Jairo/Downloads/cec-0.4.tar/cec-0.4/missing --run autoconf'
AUTOHEADER='${SHELL} /c/Users/Jairo/Downloads/cec-0.4.tar/cec-0.4/missing --run autoheader'
AUTOMAKE='${SHELL} /c/Users/Jairo/Downloads/cec-0.4.tar/cec-0.4/missing --run automake-1.9'
AWK='gawk'
CC='gcc'
CCDEPMODE='depmode=gcc3'
CFLAGS='-g -O2'
CPPFLAGS=''
CXX='g++'
CXXCPP='g++ -E'
CXXDEPMODE='depmode=gcc3'
CXXFLAGS='-g -O2'
CYGPATH_W='echo'
DEFS='-DPACKAGE_NAME=\"\" -DPACKAGE_TARNAME=\"\" -DPACKAGE_VERSION=\"\" -DPACKAGE_STRING=\"\" -DPACKAGE_BUGREPORT=\"\" -DPACKAGE=\"cec\" -DVERSION=\"0.4\" -DSTDC_HEADERS=1 -DHAVE_SYS_TYPES_H=1 -DHAVE_SYS_STAT_H=1 -DHAVE_STDLIB_H=1 -DHAVE_STRING_H=1 -DHAVE_MEMORY_H=1 -DHAVE_STRINGS_H=1 -DHAVE_INTTYPES_H=1 -DHAVE_STDINT_H=1 -DHAVE_UNISTD_H=1 -DHAVE_LIBEXPAT=1 '
DEPDIR='.deps'
ECHO_C=''
ECHO_N='-n'
ECHO_T=''
EGREP='grep -E'
EXEEXT='.exe'
INSTALL_DATA='${INSTALL} -m 644'
INSTALL_PROGRAM='${INSTALL}'
INSTALL_SCRIPT='${INSTALL}'
INSTALL_STRIP_PROGRAM='${SHELL} $(install_sh) -c -s'
LDFLAGS=''
LIBOBJS=''
LIBS='-lexpat '
LTLIBOBJS=''
MAKEINFO='${SHELL} /c/Users/Jairo/Downloads/cec-0.4.tar/cec-0.4/missing --run makeinfo'
NOTANGLE=''
NOWEAVE=''
OBJEXT='o'
PACKAGE='cec'
PACKAGE_BUGREPORT=''
PACKAGE_NAME=''
PACKAGE_STRING=''
PACKAGE_TARNAME=''
PACKAGE_VERSION=''
PATH_SEPARATOR=':'
RANLIB='ranlib'
SET_MAKE=''
SHELL='/bin/sh'
STRIP=''
VERSION='0.4'
ac_ct_CC='gcc'
ac_ct_CXX='g++'
ac_ct_RANLIB='ranlib'
ac_ct_STRIP=''
am__fastdepCC_FALSE='#'
am__fastdepCC_TRUE=''
am__fastdepCXX_FALSE='#'
am__fastdepCXX_TRUE=''
am__include='include'
am__leading_dot='.'
am__quote=''
am__tar='${AMTAR} chof - "$$tardir"'
am__untar='${AMTAR} xf -'
bindir='${exec_prefix}/bin'
build_alias=''
datadir='${prefix}/share'
exec_prefix='${prefix}'
host_alias=''
includedir='${prefix}/include'
infodir='${prefix}/info'
install_sh='/c/Users/Jairo/Downloads/cec-0.4.tar/cec-0.4/install-sh'
libdir='${exec_prefix}/lib'
libexecdir='${exec_prefix}/libexec'
localstatedir='${prefix}/var'
mandir='${prefix}/man'
mkdir_p='mkdir -p --'
oldincludedir='/usr/include'
prefix='/usr/local'
program_transform_name='s,x,x,'
sbindir='${exec_prefix}/sbin'
sharedstatedir='${prefix}/com'
sysconfdir='${prefix}/etc'
target_alias=''

## ----------- ##
## confdefs.h. ##
## ----------- ##

#define HAVE_INTTYPES_H 1
#define HAVE_LIBEXPAT 1
#define HAVE_MEMORY_H 1
#define HAVE_STDINT_H 1
#define HAVE_STDLIB_H 1
#define HAVE_STRINGS_H 1
#define HAVE_STRING_H 1
#define HAVE_SYS_STAT_H 1
#define HAVE_SYS_TYPES_H 1
#define HAVE_UNISTD_H 1
#define PACKAGE "cec"
#define PACKAGE_BUGREPORT ""
#define PACKAGE_NAME ""
#define PACKAGE_STRING ""
#define PACKAGE_TARNAME ""
#define PACKAGE_VERSION ""
#define STDC_HEADERS 1
#define VERSION "0.4"
#endif
#ifdef __cplusplus
extern "C" void exit (int);

configure: exit 0
